2024-11-17 16:37:20,094 - INFO - Kilitli hesaplar sorgulandý.
2024-11-17 16:38:57,529 - WARNING - Yetkisiz giriþ denemesi: melis
2024-11-17 16:39:10,926 - WARNING - Yetkisiz giriþ denemesi: melis
2024-11-17 16:39:26,111 - INFO - Yeni kullanýcý eklendi: melis
2024-11-17 16:39:45,451 - WARNING - Hatalý giriþ denemesi: melis
2024-11-17 16:39:55,539 - INFO - Kullanýcý giriþ yaptý: melis
2024-11-17 16:40:02,632 - WARNING - Hatalý giriþ denemesi: melis
2024-11-17 16:40:19,036 - WARNING - Yetkisiz giriþ denemesi: Meliss
2024-11-17 16:40:32,349 - INFO - Yeni kullanýcý eklendi: acelya
2024-11-17 16:40:42,454 - INFO - Kullanýcý giriþ yaptý: acelya
2024-11-17 16:41:01,372 - WARNING - Hatalý giriþ denemesi: acelya
2024-11-17 16:41:23,871 - INFO - Þifre deðiþtirildi: acelya
2024-11-17 16:41:37,536 - INFO - Kullanýcý silindi: acelya
2024-11-17 16:41:46,644 - WARNING - Yetkisiz giriþ denemesi: acelya
2024-11-17 16:52:38,529 - WARNING - Hatalý giriþ denemesi: melis
2024-11-17 16:52:54,821 - WARNING - Hatalý giriþ denemesi: melis
2024-11-17 16:52:54,821 - CRITICAL - Hesap kilitlendi: melis
2024-11-17 16:53:02,792 - WARNING - Kilitli hesap giriþ denemesi: melis
2024-11-17 16:53:07,567 - INFO - Kilitli hesaplar sorgulandý.
2024-11-17 16:53:10,030 - INFO - Kilitli hesaplar sorgulandý.
2024-11-17 16:53:12,014 - INFO - Kilitli hesaplar sorgulandý.
2024-11-17 16:53:17,195 - INFO - Kilitli hesaplar sorgulandý.
2024-11-17 16:53:22,566 - INFO - Kilitli hesaplar sorgulandý.
2024-11-17 16:53:26,468 - INFO - Kilitli hesaplar sorgulandý.
2024-11-17 16:53:34,364 - INFO - Kilitli hesaplar sorgulandý.
2024-11-17 16:53:36,123 - INFO - Kilitli hesaplar sorgulandý.
2024-11-17 16:53:37,545 - INFO - Kilitli hesaplar sorgulandý.
2024-11-17 16:53:44,350 - INFO - Log arama baþlatýldý: melis
2024-11-17 16:53:44,365 - INFO - melis için log aramasý tamamlandý.
2024-11-17 16:54:38,877 - INFO - Yeni kullanýcý eklendi: ibrahim
2024-11-17 16:55:12,614 - INFO - Kullanýcý silindi: ibrahim
2024-11-17 16:55:36,445 - INFO - Kilitli hesaplar sorgulandý.
2024-11-17 17:34:42,249 - WARNING - Hatalý giriþ denemesi: melis
2024-11-17 17:34:57,327 - WARNING - Hatalý giriþ denemesi: melis
2024-11-17 17:35:12,597 - INFO - Kullanýcý giriþ yaptý: melis
2024-11-17 17:36:22,188 - INFO - Yeni kullanýcý eklendi: Morpheus
2024-11-17 17:37:47,862 - INFO - Þifre deðiþtirildi: Morpheus
2024-11-17 17:38:31,346 - INFO - Yeni kullanýcý eklendi: ÝbrahimKUL
2024-11-17 17:38:42,554 - INFO - Kullanýcý silindi: ÝbrahimKUL
2024-11-17 17:39:13,384 - WARNING - Hatalý giriþ denemesi: melis
2024-11-17 17:39:16,911 - WARNING - Hatalý giriþ denemesi: melis
2024-11-17 17:39:20,357 - WARNING - Hatalý giriþ denemesi: melis
2024-11-17 17:39:20,357 - CRITICAL - Hesap kilitlendi: melis
2024-11-17 17:39:24,973 - WARNING - Kilitli hesap giriþ denemesi: melis
2024-11-17 17:39:26,904 - INFO - Kilitli hesaplar sorgulandý.
2024-11-17 17:39:29,525 - INFO - Kilitli hesaplar sorgulandý.
2024-11-17 17:39:30,174 - INFO - Kilitli hesaplar sorgulandý.
2024-11-17 17:39:44,441 - WARNING - Kilitli hesap giriþ denemesi: melis
2024-11-17 17:40:02,725 - INFO - Kilitli hesaplar sorgulandý.
2024-11-17 17:40:30,790 - INFO - Log arama baþlatýldý: melis
2024-11-17 17:40:30,797 - INFO - melis için log aramasý tamamlandý.
2024-11-17 17:40:50,492 - INFO - Þifre deðiþtirildi: melis
2024-11-17 17:41:00,831 - WARNING - Hatalý giriþ denemesi: melis
2024-11-17 17:41:00,831 - CRITICAL - Hesap kilitlendi: melis
2024-11-17 17:41:06,058 - WARNING - Kilitli hesap giriþ denemesi: melis
2024-11-17 17:41:10,166 - INFO - Log arama baþlatýldý: melis
2024-11-17 17:41:10,172 - INFO - melis için log aramasý tamamlandý.
